Microsoft (R) Macro Assembler Version 6.11		    11/02/18 13:12:35
4.4.1.asm						     Page 1 - 1


 0000				DATA SEGMENT 'DATA'
 0000  0008 [			    INPUT_STR DB 8 DUP(?)
        00
       ]
 0008				DATA ENDS

 0000				CODE SEGMENT 'CODE'
				    ASSUME DS:DATA, CS:CODE
 0000				START:
 0000				INIT_DISPLAY:
 0000  B8 0080			    MOV AX, 0080H
 0003  8E D8			    MOV DS, AX
 0005  B0 FF			    MOV AL, 0FFH
 0007  32 E4			    XOR AH, AH
 0009  CD 32			    INT 32H
 000B				INIT_REGS:
 000B  8D 36 0000 R		    LEA SI, INPUT_STR
 000F  33 DB			    XOR BX, BX      
 0011  33 D2			    XOR DX, DX      ; DX:BX STORES THE DISPLAY DATA
 0013  B9 0008			    MOV CX, 8       ; USE CX AS LOOP COUNTER
 0016				LOOP_READ_INPUT:
 0016  32 E4			    XOR AH, AH
 0018  CD 33			    INT 33H         ; AL STORES THE INPUT
 001A  A8 10			    TEST AL, 10H
 001C  74 F8			    JZ LOOP_READ_INPUT   ; IF THERE IS NO INPUT, THEN KEEP READING
 001E  24 0F			    AND AL, 0FH     ; ELSE, CLEAR STATUS BIT
 0020  88 04			    MOV [SI], AL    ; SAVE DATA TO MEM
 0022  46			    INC SI
 0023				PREPARE_DISPLAY_DATA:
 0023  51			    PUSH CX         ; SAVE LOOP COUNT
 0024  B1 04			    MOV CL, 4       ; SHIFT LEFT DX:BX
 0026  D3 E2			    SHL DX, CL
 0028  8A EF			    MOV CH, BH
 002A  D3 E3			    SHL BX, CL
 002C  D2 ED			    SHR CH, CL
 002E  0A D5			    OR DL, CH
 0030  0A D8			    OR BL, AL       ; SAVE NEW INPUT TO (DX:BX)[3:0]
 0032				DISPLAY_INPUT:
 0032  B4 02			    MOV AH, 2
 0034  CD 32			    INT 32H ; DISPLAY A7~A4
 0036  87 D3			    XCHG DX, BX
 0038  FE CC			    DEC AH
 003A  CD 32			    INT 32H ; DISPLAY A3~A0
 003C  87 D3			    XCHG DX, BX
 003E				LOOP_CONTROL:
 003E  59			    POP CX
 003F  E2 D5			    LOOP LOOP_READ_INPUT    ; END OF LOOP
 0041				JUDGE_PALINDROME:
 0041  E8 0006			    CALL IS_PALINDROME
 0044				OUTPUT_RESULT:
 0044  32 E4			    XOR AH, AH  ; SHOW RESULT ON LED
 0046  CD 30			    INT 30H     ; SHOW RESULT ON LED
 0048  EB B6			    JMP START


 004A				IS_PALINDROME PROC
 004A				IS_PALINDROME_LOOP_INIT:
 004A  B9 0004			    MOV CX, 4
 004D  8D 36 0000 R		    LEA SI, INPUT_STR   ; SI POINTS TO THE HEAD OF INPUT_STR
 0051  8B FE			    MOV DI, SI  
 0053  83 C7 07			    ADD DI, 7           ; DI POINTS TO THE TAIL OF INPUT_STR
 0056				IS_PALINDROME_LOOP_BODY:
 0056  8A 04			    MOV AL, BYTE PTR[SI]
 0058  3A 05			    CMP AL, BYTE PTR[DI]
 005A  75 08			    JNZ IS_PALINDROME_FALSE
 005C  46			    INC SI
 005D  4F			    DEC DI
 005E  E2 F6			    LOOP IS_PALINDROME_LOOP_BODY
 0060				IS_PALINDROME_TRUE:
 0060  BA 0080			    MOV DX, 0080H   ; IS PALINDROME, LIT GLED7
 0063  C3			    RET
 0064				IS_PALINDROME_FALSE:
 0064  BA 8000			    MOV DX, 8000H   ; IS NOT PALINDROME, LIT YLED7
 0067  C3			    RET
 0068				IS_PALINDROME ENDP
 0068				CODE ENDS
				    END START
Microsoft (R) Macro Assembler Version 6.11		    11/02/18 13:12:35
4.4.1.asm						     Symbols 2 - 1




Segments and Groups:

                N a m e                 Size     Length   Align   Combine Class

CODE . . . . . . . . . . . . . .	16 Bit	 0068	  Para	  Private 'CODE'	
DATA . . . . . . . . . . . . . .	16 Bit	 0008	  Para	  Private 'DATA'	


Procedures,  parameters and locals:

                N a m e                 Type     Value    Attr

IS_PALINDROME  . . . . . . . . .	P Near	 004A	  CODE	Length= 001E Private


Symbols:

                N a m e                 Type     Value    Attr

DISPLAY_INPUT  . . . . . . . . .	L Near	 0032	  CODE	
INIT_DISPLAY . . . . . . . . . .	L Near	 0000	  CODE	
INIT_REGS  . . . . . . . . . . .	L Near	 000B	  CODE	
INPUT_STR  . . . . . . . . . . .	Byte	 0000	  DATA	
IS_PALINDROME_FALSE  . . . . . .	L Near	 0064	  CODE	
IS_PALINDROME_LOOP_BODY  . . . .	L Near	 0056	  CODE	
IS_PALINDROME_LOOP_INIT  . . . .	L Near	 004A	  CODE	
IS_PALINDROME_TRUE . . . . . . .	L Near	 0060	  CODE	
JUDGE_PALINDROME . . . . . . . .	L Near	 0041	  CODE	
LOOP_CONTROL . . . . . . . . . .	L Near	 003E	  CODE	
LOOP_READ_INPUT  . . . . . . . .	L Near	 0016	  CODE	
OUTPUT_RESULT  . . . . . . . . .	L Near	 0044	  CODE	
PREPARE_DISPLAY_DATA . . . . . .	L Near	 0023	  CODE	
START  . . . . . . . . . . . . .	L Near	 0000	  CODE	

	   0 Warnings
	   0 Errors
