Microsoft (R) Macro Assembler Version 6.11		    11/02/18 13:08:43
4.2.2.asm						     Page 1 - 1


 0000				CODE SEGMENT 'CODE'
				    ASSUME CS:CODE
 0000				START:
				; ä»æ‹¨ç å¼€å…³è¾“å…¥ä¸¤ï¿??8ä½äºŒè¿›åˆ¶æ•°ï¼ˆAã€Bï¿??
				; å°†è¿™ä¸¤ä¸ªæ•°çš„å’Œä»¥16è¿›åˆ¶æ•°å½¢å¼è¾“å‡ºåˆ°æ•°ç ç®¡ä¸Š
				; Aç­‰äºSW15~SW8çš„ï¿½??
				; Bç­‰äºSW7~SW0çš„ï¿½??
 0000  B4 00			    MOV AH, 0
 0002  CD 31			    INT 31H     ; read input
 0004  8A EE			    MOV CH, DH  ; copy DH to CH
 0006  02 D6			    ADD DL, DH  ; add two 8-bit digits
 0008  80 D6 00			    ADC DH, 0   ; add carry to DH
 000B  2A F5			    SUB DH, CH  ; figure out whether there's a carry
 000D  B0 1F			    MOV AL, 1FH
 000F  B4 00			    MOV AH, 00H
 0011  CD 32			    INT 32H
 0013  FE C4			    INC AH
 0015  CD 32			    INT 32H     ; display sum
 0017  EB E7			    JMP START
 0019				CODE ENDS
				    END START
Microsoft (R) Macro Assembler Version 6.11		    11/02/18 13:08:43
4.2.2.asm						     Symbols 2 - 1




Segments and Groups:

                N a m e                 Size     Length   Align   Combine Class

CODE . . . . . . . . . . . . . .	16 Bit	 0019	  Para	  Private 'CODE'	


Symbols:

                N a m e                 Type     Value    Attr

START  . . . . . . . . . . . . .	L Near	 0000	  CODE	

	   0 Warnings
	   0 Errors
